{"/home/merovingian/workspace/odin-javascript-exercises/foundations/09_sumAll/sumAll.js": {"path":"/home/merovingian/workspace/odin-javascript-exercises/foundations/09_sumAll/sumAll.js","statementMap":{"0":{"start":{"line":1,"column":15},"end":{"line":3,"column":1}},"1":{"start":{"line":6,"column":0},"end":{"line":6,"column":24}}},"fnMap":{"0":{"name":"(anonymous_0)","decl":{"start":{"line":1,"column":15},"end":{"line":1,"column":16}},"loc":{"start":{"line":1,"column":26},"end":{"line":3,"column":1}},"line":1}},"branchMap":{},"s":{"0":1,"1":1},"f":{"0":7},"b":{},"_coverageSchema":"1a1c01bbd47fc00a2c39e90264f33305004495a9","hash":"00a2741abb98516abe5cabe637a9b0b6d1a6584e"}
}
